16 7
138 1 2 5 11 12 15
30 1 2 4 8 10 14 15
148 1 2 5 7 10 12 15
297 1 3 6 9 11 13 15
11 1 2 4 8 9 11 13 15
10 1 2 4 8 9 11 14 15
124 1 3 5 7 9 11 14 15
44 1 2 3 5 7 9 11 14 15
76 1 2 3 5 7 10 11 14 15
38 1 2 3 5 8 9 11 14 15
27 1 2 3 5 8 9 11 12 14 15
138 1 2 3 5 8 9 10 12 14 15
83 1 2 3 5 8 9 10 11 12 14 15
10 1 2 3 4 8 9 10 11 12 14 15
12 1 2 3 5 7 8 9 10 11 12 14 15
27 1 2 3 5 6 8 9 10 11 12 14 15
12 2 3 5 6 8 9 10 11 12 2
14 2 3 4 6 8 9 10 11 12 2
144 3 4 6 8 9 3
14 4 6 8 9 10 11 13 4
22 4 5 6 8 9 10 11 13 4
25 4 5 6 8 9 10 11 12 13 4
142 4 5 6 7 8 9 10 11 12 13 14 4
TEST. EXIT CODE 0
