14 17
36 1 5 10 15
115 1 2 7 10 15
36 1 4 6 13 15
79 1 5 9 10 15
30 1 3 6 13 15
213 1 3 6 10 15
4 1 3 8 10 15
7 1 2 7 11 14 15
151 1 3 8 10 14 15
175 1 2 5 9 13 14 15
23 1 2 5 6 13 14 15
121 1 3 7 9 13 14 15
36 1 3 7 11 12 14 15
2 1 3 5 6 13 14 15
23 2 5 7 11 12 2
75 2 5 6 13 14 2
34 2 3 5 6 13 14 2
29 2 3 4 6 13 14 2
2 2 3 8 10 11 12 2
14 2 3 8 9 11 12 2
30 2 3 4 6 10 11 12 2
59 2 3 4 5 7 9 11 12 2
116 2 3 4 5 7 9 11 12 14 2
12 2 3 4 5 7 8 9 11 12 14 2
86 2 3 4 5 7 8 9 11 13 14 2
12 2 3 4 6 7 8 9 11 13 14 2
122 2 3 4 6 7 8 9 10 11 13 14 2
23 2 3 4 5 6 7 8 9 10 11 13 14 2
24 2 3 4 5 6 7 8 9 10 11 12 13 14 2
6 2 7 8 9 10 11 12 13 14 2
36 3 4 5 6 7 8 9 10 11 12 13 14 3
TEST. EXIT CODE 0
