14 11
9 1 9 15
15 1 5 6 15
50 1 2 14 15
250 1 9 10 13 15
143 1 3 5 10 13 15
86 1 3 6 8 13 15
80 1 3 5 6 8 13 15
167 1 3 4 9 11 14 15
25 1 3 4 9 10 12 13 15
68 1 2 4 9 10 12 13 15
18 1 2 4 9 10 11 14 15
17 1 2 4 5 10 11 14 15
57 1 2 4 5 6 8 13 14 15
21 1 2 4 5 10 12 13 14 15
21 2 3 4 5 10 12 13 14 2
45 2 3 4 5 7 10 12 13 14 2
12 2 4 5 7 10 12 13 14 2
115 2 4 5 7 8 12 13 14 2
9 2 4 5 7 9 10 12 13 14 2
20 3 4 5 7 9 10 12 13 14 3
9 3 4 5 7 8 9 10 12 13 14 3
29 5 6 7 8 9 10 12 13 5
66 5 6 7 8 9 10 11 13 5
20 5 7 8 9 10 11 13 5
167 8 9 10 11 12 13 14 8
TEST. EXIT CODE 0
