34 13
123 1 3 15 20
51 1 7 13 15 20
7 1 7 13 17 20
126 1 3 7 13 17 20
1 1 4 7 13 17 20
58 1 6 9 14 18 20
1 1 4 7 13 15 19 20
4 1 4 7 12 16 17 20
48 1 6 9 12 16 17 20
10 1 6 9 12 16 19 20
6 1 6 9 14 15 19 20
16 1 6 8 11 15 19 20
158 1 3 6 8 11 15 19 20
16 1 3 6 7 12 16 19 20
16 1 3 5 7 12 16 19 20
45 1 2 6 7 12 16 19 20
55 1 2 6 9 10 11 15 19 20
86 1 2 6 9 10 12 16 19 20
40 1 2 5 7 10 12 16 19 20
59 1 2 3 5 7 10 12 16 19 20
5 1 2 3 5 8 10 12 16 19 20
39 1 2 3 5 8 10 13 15 19 20
11 1 2 4 5 8 10 13 15 19 20
12 1 2 4 6 9 10 13 15 19 20
10 1 2 4 6 9 10 11 12 16 19 20
92 1 2 4 6 9 10 13 14 18 19 20
11 1 2 3 4 6 7 10 13 14 18 19 20
22 1 2 3 4 6 7 10 11 13 14 18 19 20
52 1 2 3 4 6 7 10 11 13 15 17 19 20
25 1 2 3 4 6 7 10 11 13 15 18 19 20
21 1 2 3 4 5 6 7 10 11 13 15 18 19 20
74 1 2 3 4 5 6 7 10 11 12 16 17 19 20
13 1 2 3 4 5 6 7 10 11 12 16 18 19 20
20 1 2 3 4 5 6 7 10 11 13 14 16 18 19 20
17 2 3 4 5 6 7 10 11 13 14 16 18 2
14 2 3 4 5 6 7 8 10 11 13 14 16 18 2
88 2 3 4 5 6 7 8 10 11 13 14 16 17 18 2
10 2 3 4 5 6 7 8 10 11 13 14 16 17 18 19 2
14 2 3 4 5 6 7 8 10 11 13 15 16 17 18 19 2
34 2 3 4 5 6 7 8 10 11 12 15 16 17 18 19 2
18 2 3 4 5 6 7 9 10 11 12 15 16 17 18 19 2
58 2 3 4 5 6 7 9 10 11 13 14 15 16 17 18 19 2
29 2 3 4 5 6 7 8 9 10 11 13 14 15 16 17 18 19 2
18 3 4 5 6 7 8 9 10 11 13 14 15 16 17 3
70 5 6 7 8 9 10 11 13 14 15 16 17 18 5
58 5 6 7 8 9 10 11 12 14 15 16 17 18 5
6 5 6 7 8 9 10 11 12 13 14 15 16 17 18 5
TEST. EXIT CODE 0
