27 18
39 1 3 9 12 17 20
146 1 3 9 13 16 20
25 1 3 9 13 18 20
104 1 3 9 11 19 20
44 1 3 9 12 14 17 20
36 1 3 5 12 14 17 20
15 1 4 7 10 14 16 20
110 1 4 7 10 14 15 20
8 1 4 7 11 14 15 20
15 1 4 5 12 14 15 20
2 1 4 5 12 13 18 20
61 1 4 8 12 13 18 20
83 1 4 8 10 13 18 20
17 1 4 8 10 14 17 19 20
13 1 4 7 9 12 14 17 19 20
39 1 4 5 9 12 14 17 19 20
3 1 4 5 9 12 14 15 19 20
99 1 4 5 9 12 13 15 19 20
8 1 4 6 9 12 13 15 19 20
12 1 4 6 9 12 13 15 18 19 20
54 1 2 4 6 9 12 13 15 18 19 20
29 1 2 4 6 9 10 14 16 18 19 20
22 1 2 5 7 9 10 14 16 18 19 20
13 1 2 5 7 9 10 14 15 18 19 20
95 1 2 5 7 9 10 13 15 18 19 20
41 1 2 5 7 9 10 13 15 17 19 20
99 1 2 4 6 7 9 10 13 15 16 18 19 20
3 2 4 6 7 9 10 13 15 17 2
15 2 3 4 6 7 9 10 13 15 17 2
62 2 3 5 6 7 9 10 13 15 17 2
9 2 3 5 6 7 8 10 13 15 17 2
7 2 3 5 6 7 11 12 13 15 17 2
61 2 3 5 6 7 11 12 13 15 16 18 2
61 2 3 5 6 7 11 12 13 15 16 18 19 2
21 2 3 5 6 7 8 10 12 13 15 16 18 19 2
12 2 3 5 6 7 8 10 12 13 14 15 16 18 19 2
6 2 5 6 7 8 10 12 13 14 15 16 18 19 2
32 2 5 6 7 8 9 11 12 13 14 15 16 18 19 2
14 2 5 6 7 8 9 11 12 13 14 15 17 18 19 2
109 3 4 5 6 7 8 9 11 12 13 14 15 17 18 19 3
64 3 5 6 7 8 9 11 12 13 14 15 17 18 19 3
4 4 5 6 7 8 9 11 12 13 14 15 17 18 19 4
58 4 5 6 7 8 10 11 12 13 14 15 17 18 19 4
22 4 5 6 7 8 9 10 11 12 13 14 15 17 18 19 4
66 4 5 6 7 8 9 10 11 12 13 14 15 16 17 18 19 4
TEST. EXIT CODE 0
