34 14
115 1 5 10 14 20
87 1 3 8 11 14 20
66 1 5 10 15 17 20
37 1 3 6 10 15 17 20
78 1 3 6 10 15 19 20
41 1 3 6 9 12 14 20
47 1 3 6 9 12 16 20
55 1 3 8 10 15 16 20
2 1 5 8 10 15 16 20
19 1 5 8 10 13 18 20
84 1 5 8 10 13 19 20
53 1 5 8 11 13 19 20
39 1 5 8 10 15 17 19 20
93 1 5 8 10 12 14 18 20
22 1 3 6 8 10 12 14 18 20
46 1 3 6 8 10 12 16 19 20
10 1 3 6 8 11 13 16 19 20
21 1 3 6 7 11 13 16 19 20
23 1 3 5 8 11 13 16 19 20
3 1 2 6 7 11 13 16 19 20
41 1 2 6 7 11 13 17 19 20
21 1 2 6 7 11 13 17 18 20
1 1 2 6 7 11 12 16 19 20
87 1 2 5 8 11 12 16 19 20
22 1 2 5 8 11 13 17 18 19 20
21 1 2 6 7 9 11 13 17 18 19 20
46 1 2 5 7 9 11 13 17 18 19 20
17 1 2 3 5 7 9 11 13 17 18 19 20
10 1 2 3 5 7 9 11 12 16 18 19 20
13 1 2 3 5 7 9 11 13 15 17 18 19 20
1 1 2 3 5 7 9 11 13 15 16 18 19 20
48 1 2 3 5 7 9 11 12 14 17 18 19 20
10 1 2 3 5 7 8 11 12 14 17 18 19 20
78 1 2 3 4 5 7 8 11 12 14 17 18 19 20
19 3 4 5 7 8 11 12 14 17 18 3
16 3 4 5 7 8 11 12 14 17 18 19 3
65 3 4 5 7 8 11 12 15 16 18 19 3
103 3 4 5 7 9 10 11 12 15 16 18 19 3
32 3 4 5 7 8 10 11 12 15 16 18 19 3
92 3 4 5 7 8 10 11 12 14 15 16 18 19 3
89 4 5 7 8 10 11 12 14 15 16 18 19 4
7 4 5 7 8 10 11 12 13 15 16 18 19 4
12 4 5 7 8 10 11 12 13 15 16 17 18 19 4
13 4 5 6 7 8 10 11 12 13 15 16 17 18 19 4
57 4 5 6 7 8 9 10 11 12 13 15 16 17 18 19 4
21 4 5 6 7 8 9 10 11 12 13 14 15 16 17 18 19 4
181 5 6 7 8 9 10 11 12 13 14 5
57 5 6 7 8 9 10 11 12 13 14 15 16 17 18 19 5
TEST. EXIT CODE 0
