48 26
33 1 13 16 19 25
6 1 3 9 15 22 25
25 1 5 10 15 22 25
18 1 8 10 15 22 25
5 1 6 14 17 19 25
28 1 6 14 15 22 25
4 1 6 14 16 19 25
7 1 6 14 18 19 25
37 1 2 6 14 18 19 25
29 1 2 6 14 18 21 25
5 1 2 11 13 17 21 25
29 1 2 11 12 17 21 25
25 1 2 6 14 15 20 23 25
6 1 2 6 14 15 22 23 25
13 1 2 6 14 16 18 24 25
4 1 2 11 13 16 18 24 25
33 1 2 11 14 16 18 24 25
5 1 2 11 12 17 19 24 25
11 1 2 11 12 17 18 24 25
5 1 3 8 12 17 18 24 25
7 1 3 9 12 17 18 24 25
20 1 3 9 12 17 21 23 25
44 1 2 7 10 15 16 22 23 25
10 1 2 7 10 15 17 21 23 25
11 1 3 6 14 15 17 21 23 25
45 1 3 9 13 15 17 21 23 25
59 1 5 8 12 15 17 21 23 25
11 1 5 8 12 15 17 20 24 25
19 1 2 3 9 13 15 17 20 24 25
8 1 2 7 8 12 15 17 20 24 25
22 1 2 7 9 13 15 17 20 24 25
27 1 2 7 9 12 15 17 20 24 25
6 1 2 7 9 12 15 16 18 20 24 25
12 1 2 7 9 12 15 16 18 21 23 25
2 1 2 7 9 12 15 16 18 20 22 23 25
9 1 2 7 10 13 15 16 18 20 22 23 25
22 1 4 6 11 13 15 16 18 20 22 23 25
10 1 4 6 11 13 15 16 18 21 22 23 25
21 1 2 7 8 10 13 15 16 18 21 22 23 25
31 1 4 5 8 10 13 15 16 18 21 22 23 25
11 1 4 5 8 10 13 15 16 18 21 22 24 25
1 1 2 3 5 8 10 13 15 16 18 21 22 24 25
5 1 2 3 5 8 11 13 15 16 18 21 22 24 25
34 1 2 3 5 8 11 13 15 16 18 21 22 23 24 25
1 1 2 3 5 8 11 13 15 17 19 21 22 23 24 25
16 1 2 3 5 8 11 14 15 17 19 21 22 23 24 25
4 1 2 3 5 8 11 12 15 17 19 21 22 23 24 25
14 1 2 3 6 9 10 13 15 17 19 21 22 23 24 25
16 2 3 6 9 10 13 15 17 19 21 2
12 2 4 7 8 11 12 15 17 19 21 2
7 2 4 6 9 10 13 15 17 19 21 2
4 2 4 6 9 10 12 15 17 19 21 2
3 2 4 6 9 10 12 15 16 18 20 21 2
3 2 4 5 7 8 11 12 15 16 18 20 21 2
2 2 4 5 7 9 10 12 15 16 18 20 21 2
24 2 4 6 7 9 10 12 15 16 18 20 21 2
8 2 4 6 7 9 10 13 14 15 16 18 20 21 2
27 3 5 6 7 9 10 13 14 15 16 18 20 21 22 3
13 3 4 6 7 9 10 13 14 15 16 18 20 21 22 3
20 3 4 6 7 9 10 12 14 15 16 18 20 21 22 3
23 3 4 6 7 9 10 12 14 15 17 19 20 21 22 3
12 3 4 6 7 9 10 12 14 15 17 19 20 21 22 23 3
2 3 4 6 7 9 10 12 14 15 16 17 19 20 21 22 23 3
12 3 4 6 7 9 11 12 14 15 16 17 19 20 21 22 23 3
6 3 4 5 6 7 9 11 12 14 15 16 17 19 20 21 22 23 3
16 3 4 5 6 7 9 11 12 14 15 16 17 19 20 21 22 23 24 3
1 3 4 5 6 7 9 11 12 13 14 15 16 17 19 20 21 22 23 24 3
18 3 4 5 6 7 9 10 11 12 13 14 15 16 17 19 20 21 22 23 24 3
7 3 6 7 9 10 11 12 13 14 15 16 17 19 20 21 22 23 24 3
11 3 6 7 9 10 11 12 13 14 15 16 17 18 20 21 22 23 24 3
135 3 6 7 8 9 10 11 12 13 14 15 16 17 18 20 21 22 23 24 3
74 4 5 6 7 8 9 10 11 12 13 14 15 16 17 18 20 21 22 4
16 4 5 6 7 8 9 10 11 12 13 14 15 16 17 18 19 20 21 22 4
5 6 7 8 9 10 11 12 13 14 15 16 17 18 19 20 21 22 23 24 6
TEST. EXIT CODE 0
