50 23
53 1 5 11 17 23 25
7 1 9 13 19 21 25
4 1 9 13 17 23 25
5 1 9 12 17 23 25
6 1 5 11 16 19 21 25
18 1 5 10 15 20 22 25
23 1 9 11 16 19 21 25
52 1 9 11 16 18 23 25
6 1 9 11 15 20 22 25
36 1 2 5 10 15 20 22 25
10 1 2 6 10 15 20 22 25
23 1 2 6 10 15 19 21 25
3 1 2 7 13 16 18 23 25
1 1 3 7 13 16 18 23 25
20 1 3 7 12 17 18 23 25
3 1 3 7 12 17 18 21 25
3 1 3 7 11 15 19 21 25
11 1 3 9 11 15 19 21 25
15 1 3 9 11 15 19 23 25
13 1 3 9 13 16 20 22 25
40 1 3 9 13 16 20 23 25
2 1 3 9 12 17 19 23 25
3 1 2 5 8 11 15 19 23 25
23 1 2 6 9 12 17 19 23 25
8 1 2 6 9 12 17 18 21 24 25
35 1 3 7 9 12 17 18 21 24 25
1 1 3 7 9 12 15 19 21 24 25
9 1 3 7 10 11 15 19 21 24 25
31 1 3 7 10 11 15 19 23 24 25
3 1 3 7 10 11 14 18 21 24 25
14 1 4 7 10 11 14 18 21 24 25
8 1 4 6 10 11 14 18 21 24 25
15 1 4 6 10 13 16 20 22 24 25
4 1 2 5 8 10 13 16 20 22 24 25
29 1 2 5 8 10 13 15 19 23 24 25
7 1 2 5 8 10 11 14 16 20 22 24 25
9 1 2 5 8 10 13 15 17 19 23 24 25
36 1 4 7 8 10 13 15 17 19 23 24 25
3 1 4 7 8 10 13 15 16 20 22 24 25
5 1 4 7 8 10 13 15 16 20 23 24 25
18 1 4 7 8 10 13 15 18 20 23 24 25
5 1 4 5 8 10 13 15 18 20 23 24 25
30 1 4 5 8 10 12 15 18 20 23 24 25
73 1 4 5 6 10 12 15 18 20 23 24 25
1 1 4 5 6 10 12 14 18 20 23 24 25
9 1 4 5 6 10 11 13 15 18 20 23 24 25
17 1 4 5 6 10 12 14 16 18 20 23 24 25
14 1 4 5 6 10 12 14 16 18 21 23 24 25
38 1 4 5 7 9 10 12 14 16 18 21 23 24 25
4 1 4 5 7 9 10 11 13 15 17 18 21 23 24 25
32 2 5 7 9 10 11 13 15 17 18 20 2
7 2 5 8 9 10 11 13 15 17 18 20 2
9 2 5 8 9 10 12 14 15 17 18 20 2
10 2 5 8 9 10 12 14 15 16 18 20 2
2 2 5 6 9 10 12 14 15 16 18 20 2
10 2 5 6 9 10 11 13 14 15 16 18 20 2
1 2 5 6 9 10 12 13 14 15 16 18 20 2
14 2 3 7 9 10 12 13 14 15 16 18 20 2
2 2 3 7 9 10 12 13 14 15 16 18 21 23 24 2
23 2 3 7 9 10 12 13 14 15 16 17 18 21 23 24 2
4 2 3 7 9 10 12 13 14 15 16 17 18 20 22 23 24 2
23 2 3 5 6 9 10 12 13 14 15 16 17 18 20 22 23 24 2
4 2 3 5 6 8 9 10 12 13 14 15 16 17 18 20 22 23 24 2
3 2 3 5 6 8 9 10 12 13 14 15 16 17 19 20 22 23 24 2
34 2 3 5 6 7 9 10 12 13 14 15 16 17 19 20 22 23 24 2
29 2 3 5 6 7 9 10 12 13 14 15 16 17 19 20 21 23 24 2
22 2 4 5 6 7 9 10 12 13 14 15 16 17 19 20 21 23 24 2
41 2 4 5 6 7 8 9 10 12 13 14 15 16 17 19 20 21 23 24 2
18 3 5 6 7 8 9 10 11 12 13 14 15 16 17 19 20 21 23 3
131 3 5 6 7 8 9 10 11 12 13 14 15 16 17 18 19 20 21 23 3
23 3 4 5 6 7 8 9 10 11 12 13 14 15 16 17 18 19 20 21 23 3
15 11 12 13 14 15 16 17 18 19 20 21 23 11
53 11 12 13 14 15 16 17 18 19 20 21 22 23 11
TEST. EXIT CODE 0
