49 19
33 1 7 16 21 25
27 1 5 7 16 21 25
17 1 5 7 12 15 20 25
15 1 5 7 16 19 21 25
11 1 5 7 16 19 22 25
3 1 4 9 14 19 22 25
30 1 4 9 14 17 23 25
3 1 5 7 10 13 15 20 25
6 1 5 8 10 13 15 20 25
18 1 5 8 10 14 17 23 25
18 1 4 9 11 16 19 22 25
15 1 2 5 8 10 14 17 23 25
9 1 2 5 8 10 14 17 22 25
1 1 2 5 8 10 14 15 20 25
4 1 2 4 9 11 16 19 22 25
15 1 2 6 8 10 14 15 20 25
33 1 2 6 7 11 16 19 22 25
30 1 2 6 7 11 16 18 20 25
25 1 2 6 7 12 14 15 20 25
11 1 2 6 7 12 14 15 22 25
11 1 2 6 9 11 16 18 23 25
1 1 2 6 8 9 11 16 18 23 25
6 1 2 6 7 12 14 17 18 23 25
3 1 2 6 7 12 14 17 19 22 25
12 1 3 6 7 12 14 17 19 22 25
7 1 2 5 6 7 12 14 17 19 22 25
2 1 2 5 6 7 12 14 15 20 22 25
14 1 2 5 6 7 12 14 15 19 22 25
9 1 2 5 6 7 12 14 16 18 20 22 25
22 1 2 5 6 8 9 11 14 16 18 20 22 25
46 1 2 5 6 8 9 11 14 16 18 23 24 25
5 1 2 4 6 8 9 11 14 16 18 23 24 25
17 1 3 5 6 8 9 11 14 16 18 23 24 25
3 1 3 5 6 8 9 11 14 15 19 23 24 25
80 1 3 5 6 8 9 11 14 16 18 20 23 24 25
14 1 3 4 6 8 9 11 14 16 18 20 23 24 25
25 1 2 3 4 6 8 9 11 14 16 18 20 23 24 25
27 1 2 3 4 6 8 9 11 14 16 18 20 22 24 25
15 1 2 3 4 6 8 9 11 14 16 18 19 23 24 25
13 1 2 3 4 6 8 9 11 13 16 18 19 23 24 25
2 1 2 3 4 6 8 9 12 14 16 18 19 23 24 25
6 1 2 3 4 6 8 9 12 14 16 18 21 22 24 25
2 1 2 3 4 6 7 10 12 14 16 18 21 22 24 25
53 1 2 3 4 6 7 9 12 14 16 18 21 22 24 25
16 1 2 3 4 6 7 9 12 14 16 18 21 23 24 25
9 1 2 3 4 6 7 10 11 12 14 16 18 21 23 24 25
16 1 2 3 4 6 7 10 11 12 14 16 17 18 21 23 24 25
28 1 2 3 4 6 7 10 11 12 14 16 17 19 21 23 24 25
2 1 2 3 4 6 7 10 11 12 14 15 17 19 21 23 24 25
60 2 3 4 6 7 10 11 12 14 15 17 19 21 22 2
11 2 3 4 6 7 10 11 12 14 15 17 19 21 23 2
8 2 3 4 5 6 7 10 11 12 14 15 17 19 21 23 2
4 2 3 4 5 6 7 9 11 12 14 15 17 19 21 23 2
5 2 3 4 5 6 7 9 11 12 14 15 16 17 19 21 23 2
3 2 3 4 5 6 7 9 11 12 14 15 16 17 19 20 21 23 2
2 2 3 4 5 6 7 9 11 12 14 15 16 17 19 20 22 23 2
7 2 3 4 5 6 7 9 11 12 14 15 16 17 19 20 21 22 23 2
13 2 3 4 5 6 7 9 11 12 14 15 16 17 18 19 20 21 22 23 2
6 2 3 4 5 6 7 9 11 13 14 15 16 17 18 19 20 21 22 23 2
3 2 3 4 5 6 7 9 11 13 14 15 16 17 18 19 20 21 22 23 24 2
4 3 4 5 6 7 9 11 13 14 15 16 17 18 19 20 21 22 23 3
25 3 4 5 6 7 8 9 11 13 14 15 16 17 18 19 20 21 22 23 3
30 3 4 5 6 7 8 9 11 12 13 14 15 16 17 18 19 20 21 22 23 3
4 3 4 5 6 7 8 10 11 12 13 14 15 16 17 18 19 20 21 22 23 3
52 4 5 6 7 8 10 11 12 13 14 15 16 17 18 19 20 21 22 23 24 4
3 4 5 6 7 8 9 10 11 12 13 14 15 16 17 18 19 20 21 22 23 24 4
50 5 6 7 8 9 10 11 12 13 14 15 16 17 18 19 20 21 22 23 5
17 7 8 9 10 11 12 13 14 15 16 17 18 19 20 21 22 23 24 7
TEST. EXIT CODE 0
