50 17
11 1 6 13 16 25
41 1 6 10 14 24 25
25 1 6 13 15 16 25
29 1 8 10 14 24 25
55 1 3 6 13 15 16 25
1 1 3 7 11 14 24 25
1 1 3 7 11 14 16 25
6 1 3 7 11 17 19 22 25
2 1 4 9 13 17 19 22 25
48 1 2 8 10 17 19 22 25
18 1 2 8 12 18 20 24 25
48 1 2 8 11 17 19 22 25
1 1 2 8 11 17 20 24 25
26 1 3 5 9 13 17 20 24 25
15 1 4 6 7 11 17 20 24 25
11 1 4 6 9 13 17 20 24 25
9 1 4 5 9 13 17 20 24 25
4 1 4 5 9 10 17 20 24 25
4 1 4 5 8 11 17 20 24 25
1 1 4 6 7 9 10 17 20 24 25
8 1 4 5 8 12 15 18 20 24 25
5 1 4 5 8 12 15 18 20 22 25
7 1 4 5 8 12 15 18 19 22 25
7 1 2 5 8 12 15 18 19 22 25
36 1 2 5 8 9 10 17 20 22 25
1 1 2 5 8 9 10 17 20 23 25
11 1 2 5 8 9 13 15 18 19 22 25
48 1 2 5 8 9 13 15 18 21 24 25
3 1 2 5 7 9 13 15 18 21 24 25
18 1 2 5 7 9 10 14 18 21 24 25
28 1 2 5 7 9 10 14 16 20 23 25
11 1 2 5 7 9 10 14 17 20 23 25
8 1 2 5 7 9 10 14 17 21 24 25
3 1 2 3 5 7 9 10 14 17 21 24 25
18 1 2 3 5 7 8 11 13 15 17 21 24 25
24 1 2 3 5 7 8 11 13 15 18 19 22 24 25
4 1 2 3 5 7 9 10 13 15 18 19 22 24 25
3 1 2 3 5 7 9 10 13 15 17 20 21 24 25
5 1 2 3 6 7 9 10 13 15 17 20 21 24 25
10 1 2 3 6 7 9 10 13 15 16 19 22 24 25
5 1 2 4 5 7 9 10 13 15 16 19 22 24 25
1 1 2 4 5 7 9 10 13 15 16 19 21 24 25
12 1 2 4 5 7 9 10 13 14 18 19 21 23 25
68 1 2 4 5 7 9 10 12 15 16 19 21 23 25
30 1 2 4 5 7 9 10 12 15 16 20 21 23 25
18 1 2 4 5 7 8 9 10 12 15 16 20 21 23 25
6 1 2 4 5 7 8 9 10 12 14 18 19 21 23 25
9 1 2 4 5 6 7 8 9 10 12 14 18 19 21 23 25
20 1 2 4 5 6 7 8 9 11 13 14 18 19 21 23 25
29 1 2 4 5 6 7 8 9 11 13 14 18 19 21 22 23 25
11 2 3 4 5 6 7 8 9 11 13 14 18 19 21 24 2
14 2 3 4 5 6 7 8 9 11 13 14 17 18 19 21 24 2
1 2 3 4 5 6 7 8 9 11 12 15 17 18 19 21 24 2
8 2 3 4 5 6 7 8 9 11 12 15 17 18 19 21 22 2
14 2 3 4 5 6 7 8 9 11 12 15 17 18 19 21 22 24 2
29 2 3 4 5 6 7 8 9 11 12 14 17 18 19 21 22 24 2
11 2 3 4 5 6 7 8 9 10 11 12 14 17 18 19 21 22 24 2
1 2 3 4 5 6 7 8 9 10 11 12 14 17 18 19 21 22 23 24 2
6 2 3 4 5 6 7 8 9 10 11 12 13 14 17 18 19 21 22 23 24 2
7 2 3 4 5 6 7 8 9 10 11 12 13 14 15 17 18 19 21 22 23 24 2
2 2 3 4 5 6 7 8 9 10 11 12 13 14 15 17 18 19 20 21 22 23 24 2
15 2 4 5 6 7 8 9 10 11 12 13 14 15 17 18 19 20 21 22 23 24 2
45 3 4 5 6 7 8 9 10 11 12 13 14 15 17 18 19 20 21 22 23 3
23 3 4 5 6 7 8 9 10 11 12 13 14 15 16 18 19 20 21 22 23 3
6 3 4 5 6 7 8 9 10 11 12 13 14 15 16 17 18 19 20 21 22 23 3
48 3 4 5 6 7 8 9 10 11 12 13 14 15 16 17 18 19 20 21 22 23 24 3
27 4 5 6 7 8 9 10 11 12 13 14 15 16 17 18 19 20 21 22 23 24 4
TEST. EXIT CODE 0
