41 26
43 1 4 7 13 20 25
31 1 8 11 19 23 25
33 1 8 10 16 22 25
28 1 4 6 11 19 23 25
23 1 8 9 11 19 23 25
2 1 8 10 16 19 23 25
69 1 3 12 18 21 24 25
3 1 3 12 18 21 23 25
39 1 3 12 15 19 23 25
13 1 2 7 10 16 19 23 25
8 1 2 7 10 16 22 24 25
10 1 2 9 13 20 22 24 25
17 1 2 9 13 16 22 24 25
10 1 2 7 10 14 17 21 23 25
44 1 2 6 11 14 17 21 23 25
15 1 2 9 10 14 17 21 23 25
4 1 2 9 10 15 18 21 23 25
3 1 2 9 10 15 19 21 23 25
13 1 2 3 12 15 19 21 23 25
10 1 2 3 12 16 19 21 23 25
1 1 2 4 8 10 15 19 21 23 25
2 1 2 6 9 13 16 19 21 23 25
15 1 2 4 8 10 14 17 19 21 23 25
16 1 2 4 8 10 14 17 19 22 24 25
24 1 2 4 8 10 15 18 19 22 24 25
11 1 2 4 7 10 15 18 19 22 24 25
38 1 2 6 9 10 15 18 19 22 24 25
15 1 2 6 9 10 15 18 20 22 24 25
18 1 2 3 7 10 15 18 20 22 24 25
9 1 2 3 7 10 15 18 20 22 23 25
37 1 2 3 7 9 10 15 18 20 22 23 25
23 1 2 3 7 9 13 16 18 20 22 23 25
26 1 2 3 6 9 13 16 18 20 22 23 25
5 1 2 3 6 9 12 14 17 20 22 23 25
12 1 2 3 6 9 12 16 18 20 22 23 25
16 1 2 3 5 7 9 12 16 18 20 22 23 25
11 1 2 3 5 7 9 12 16 18 20 21 23 25
8 1 2 3 4 6 9 12 16 18 20 21 23 25
6 1 2 3 4 6 11 13 16 17 20 21 23 25
21 1 2 3 4 6 11 13 16 17 20 21 23 24 25
4 1 2 3 4 6 9 10 15 16 17 20 21 23 24 25
25 2 3 4 6 9 10 15 16 17 20 2
4 2 3 4 6 9 10 13 16 17 20 2
27 2 3 4 6 9 10 12 16 17 20 2
20 2 3 4 6 9 10 12 16 17 20 21 2
20 2 3 4 6 9 10 12 16 18 19 20 21 2
10 2 3 4 8 9 10 12 16 18 19 20 21 2
1 2 3 4 8 9 10 13 15 16 18 19 20 21 2
4 2 3 4 7 9 10 13 15 16 18 19 20 21 2
11 2 3 4 6 7 9 10 13 15 16 18 19 20 21 2
10 2 3 4 6 7 9 10 13 15 16 17 19 20 21 2
29 2 3 4 6 7 9 10 13 15 16 17 19 20 21 22 2
11 2 3 4 6 8 9 10 13 15 16 17 19 20 21 22 2
9 2 3 4 5 8 9 10 13 15 16 17 19 20 21 22 2
21 2 3 4 5 8 9 10 13 15 16 17 19 20 21 23 24 2
5 2 3 4 5 8 9 10 13 15 16 17 19 20 21 22 23 24 2
15 2 3 4 5 8 9 10 12 14 16 17 19 20 21 22 23 24 2
8 2 3 4 5 8 9 11 13 15 16 17 19 20 21 22 23 24 2
60 2 3 4 5 6 8 9 11 13 15 16 17 19 20 21 22 23 24 2
4 2 3 4 5 6 7 8 9 11 13 15 16 17 19 20 21 22 23 24 2
13 2 3 4 5 6 7 8 9 10 12 13 15 16 17 18 19 20 21 22 23 24 2
33 2 3 4 5 6 7 8 9 11 12 13 15 16 17 18 19 20 21 22 23 24 2
1 2 3 4 5 6 7 8 9 11 12 13 14 16 17 18 19 20 21 22 23 24 2
8 2 3 4 5 6 7 8 9 10 11 12 13 14 16 17 18 19 20 21 22 23 24 2
58 3 4 5 6 7 8 9 10 11 12 13 14 16 17 18 19 20 21 22 23 24 3
70 6 7 8 9 10 11 12 13 14 16 17 18 19 20 21 22 23 24 6
2 6 7 8 9 10 11 12 13 14 15 16 17 18 19 20 21 22 23 24 6
TEST. EXIT CODE 0
